2023-01-05 00:07:32.783 [restartedMain] [35m[traceId=][0;39m [34mINFO [0;39m
                        c.project.Project.ProjectApplication.logStarting - Starting ProjectApplication using Java 11.0.15 on MacBook-Pro-2.local with PID 94247 (/Users/larrykwon/Project/out/production/classes started by larrykwon in /Users/larrykwon/Project)
2023-01-05 00:07:32.786 [restartedMain] [35m[traceId=][0;39m [34mINFO [0;39m
                        c.project.Project.ProjectApplication.logStartupProfileInfo - The following 2 profiles are active: "aws", "dev"
2023-01-05 00:07:33.078 [restartedMain] [35m[traceId=][0;39m [34mINFO [0;39m
                        o.s.d.r.c.RepositoryConfigurationDelegate.registerRepositoriesIn - Bootstrapping Spring Data JPA repositories in DEFAULT mode.
2023-01-05 00:07:33.119 [restartedMain] [35m[traceId=][0;39m [34mINFO [0;39m
                        o.s.d.r.c.RepositoryConfigurationDelegate.registerRepositoriesIn - Finished Spring Data repository scanning in 40 ms. Found 16 JPA repository interfaces.
2023-01-05 00:07:33.192 [restartedMain] [35m[traceId=][0;39m [34mINFO [0;39m
                        o.s.c.s.PostProcessorRegistrationDelegate$BeanPostProcessorChecker.postProcessAfterInitialization - Bean '(inner bean)#4d234fde' of type [com.amazonaws.auth.BasicAWSCredentials] is not eligible for getting processed by all BeanPostProcessors (for example: not eligible for auto-proxying)
2023-01-05 00:07:33.192 [restartedMain] [35m[traceId=][0;39m [34mINFO [0;39m
                        o.s.c.s.PostProcessorRegistrationDelegate$BeanPostProcessorChecker.postProcessAfterInitialization - Bean '(inner bean)#6c4b9576' of type [com.amazonaws.auth.AWSStaticCredentialsProvider] is not eligible for getting processed by all BeanPostProcessors (for example: not eligible for auto-proxying)
2023-01-05 00:07:33.192 [restartedMain] [35m[traceId=][0;39m [34mINFO [0;39m
                        o.s.c.s.PostProcessorRegistrationDelegate$BeanPostProcessorChecker.postProcessAfterInitialization - Bean '(inner bean)#4afebf8' of type [com.amazonaws.auth.profile.ProfileCredentialsProvider] is not eligible for getting processed by all BeanPostProcessors (for example: not eligible for auto-proxying)
2023-01-05 00:07:33.219 [restartedMain] [35m[traceId=][0;39m [34mINFO [0;39m
                        o.s.b.w.e.tomcat.TomcatWebServer.initialize - Tomcat initialized with port(s): 8080 (http)
2023-01-05 00:07:33.219 [restartedMain] [35m[traceId=][0;39m [34mINFO [0;39m
                        o.a.coyote.http11.Http11NioProtocol.log - Initializing ProtocolHandler ["http-nio-8080"]
2023-01-05 00:07:33.219 [restartedMain] [35m[traceId=][0;39m [34mINFO [0;39m
                        o.a.catalina.core.StandardService.log - Starting service [Tomcat]
2023-01-05 00:07:33.219 [restartedMain] [35m[traceId=][0;39m [34mINFO [0;39m
                        o.a.catalina.core.StandardEngine.log - Starting Servlet engine: [Apache Tomcat/9.0.64]
2023-01-05 00:07:33.230 [restartedMain] [35m[traceId=][0;39m [34mINFO [0;39m
                        o.a.c.c.C.[Tomcat].[localhost].[/].log - Initializing Spring embedded WebApplicationContext
2023-01-05 00:07:33.230 [restartedMain] [35m[traceId=][0;39m [34mINFO [0;39m
                        o.s.b.w.s.c.ServletWebServerApplicationContext.prepareWebApplicationContext - Root WebApplicationContext: initialization completed in 442 ms
2023-01-05 00:07:33.273 [restartedMain] [35m[traceId=][0;39m [34mINFO [0;39m
                        o.h.jpa.internal.util.LogHelper.logPersistenceUnitInformation - HHH000204: Processing PersistenceUnitInfo [name: default]
2023-01-05 00:07:33.280 [restartedMain] [35m[traceId=][0;39m [34mINFO [0;39m
                        com.zaxxer.hikari.HikariDataSource.getConnection - HikariPool-2 - Starting...
2023-01-05 00:07:33.427 [restartedMain] [35m[traceId=][0;39m [34mINFO [0;39m
                        com.zaxxer.hikari.HikariDataSource.getConnection - HikariPool-2 - Start completed.
2023-01-05 00:07:33.429 [restartedMain] [35m[traceId=][0;39m [34mINFO [0;39m
                        org.hibernate.dialect.Dialect.<init> - HHH000400: Using dialect: org.hibernate.dialect.MySQL8Dialect
2023-01-05 00:07:34.761 [restartedMain] [35m[traceId=][0;39m [34mINFO [0;39m
                        o.h.e.t.j.p.i.JtaPlatformInitiator.initiateService - HHH000490: Using JtaPlatform implementation: [org.hibernate.engine.transaction.jta.platform.internal.NoJtaPlatform]
2023-01-05 00:07:34.763 [restartedMain] [35m[traceId=][0;39m [34mINFO [0;39m
                        o.s.o.j.LocalContainerEntityManagerFactoryBean.buildNativeEntityManagerFactory - Initialized JPA EntityManagerFactory for persistence unit 'default'
2023-01-05 00:07:35.621 [restartedMain] [35m[traceId=][0;39m [34mINFO [0;39m
                        o.s.s.web.DefaultSecurityFilterChain.<init> - Will secure any request with [org.springframework.security.web.session.DisableEncodeUrlFilter@4cf8e20d, org.springframework.security.web.context.request.async.WebAsyncManagerIntegrationFilter@1434f83b, org.springframework.security.web.context.SecurityContextPersistenceFilter@2b693a47, org.springframework.security.web.header.HeaderWriterFilter@4844b7d3, org.springframework.web.filter.CorsFilter@3ae5fd27, org.springframework.security.web.authentication.logout.LogoutFilter@14210a37, org.springframework.security.oauth2.client.web.OAuth2AuthorizationRequestRedirectFilter@66145cff, org.springframework.security.oauth2.client.web.OAuth2LoginAuthenticationFilter@5c4e79c6, com.project.Project.auth.filter.JwtAuthFilter@6390718c, com.project.Project.auth.filter.CustomBasicAuthFilter@237bbbb0, org.springframework.security.web.savedrequest.RequestCacheAwareFilter@45db969e, org.springframework.security.web.servletapi.SecurityContextHolderAwareRequestFilter@28cc5bd9, org.springframework.security.web.authentication.AnonymousAuthenticationFilter@2b847036, org.springframework.security.web.session.SessionManagementFilter@5321b974, org.springframework.security.web.access.ExceptionTranslationFilter@59b6fd41, org.springframework.security.web.access.intercept.FilterSecurityInterceptor@1b615227]
2023-01-05 00:07:35.636 [restartedMain] [35m[traceId=][0;39m [31mWARN [0;39m
                        o.s.b.a.o.j.JpaBaseConfiguration$JpaWebConfiguration.openEntityManagerInViewInterceptor - spring.jpa.open-in-view is enabled by default. Therefore, database queries may be performed during view rendering. Explicitly configure spring.jpa.open-in-view to disable this warning
2023-01-05 00:07:35.901 [restartedMain] [35m[traceId=][0;39m [31mWARN [0;39m
                        o.s.s.c.a.web.builders.WebSecurity.performBuild - You are asking Spring Security to ignore Mvc [pattern='/token/**']. This is not recommended -- please use permitAll via HttpSecurity#authorizeHttpRequests instead.
2023-01-05 00:07:35.901 [restartedMain] [35m[traceId=][0;39m [34mINFO [0;39m
                        o.s.s.web.DefaultSecurityFilterChain.<init> - Will not secure Mvc [pattern='/token/**']
2023-01-05 00:07:35.901 [restartedMain] [35m[traceId=][0;39m [31mWARN [0;39m
                        o.s.s.c.a.web.builders.WebSecurity.performBuild - You are asking Spring Security to ignore Mvc [pattern='api/profile']. This is not recommended -- please use permitAll via HttpSecurity#authorizeHttpRequests instead.
2023-01-05 00:07:35.901 [restartedMain] [35m[traceId=][0;39m [34mINFO [0;39m
                        o.s.s.web.DefaultSecurityFilterChain.<init> - Will not secure Mvc [pattern='api/profile']
2023-01-05 00:07:35.901 [restartedMain] [35m[traceId=][0;39m [31mWARN [0;39m
                        o.s.s.c.a.web.builders.WebSecurity.performBuild - You are asking Spring Security to ignore Mvc [pattern='/']. This is not recommended -- please use permitAll via HttpSecurity#authorizeHttpRequests instead.
2023-01-05 00:07:35.901 [restartedMain] [35m[traceId=][0;39m [34mINFO [0;39m
                        o.s.s.web.DefaultSecurityFilterChain.<init> - Will not secure Mvc [pattern='/']
2023-01-05 00:07:35.901 [restartedMain] [35m[traceId=][0;39m [31mWARN [0;39m
                        o.s.s.c.a.web.builders.WebSecurity.performBuild - You are asking Spring Security to ignore Mvc [pattern='/health']. This is not recommended -- please use permitAll via HttpSecurity#authorizeHttpRequests instead.
2023-01-05 00:07:35.901 [restartedMain] [35m[traceId=][0;39m [34mINFO [0;39m
                        o.s.s.web.DefaultSecurityFilterChain.<init> - Will not secure Mvc [pattern='/health']
2023-01-05 00:07:36.003 [restartedMain] [35m[traceId=][0;39m [34mINFO [0;39m
                        o.s.b.a.s.r.ReactiveUserDetailsServiceAutoConfiguration.getOrDeducePassword - 

Using generated security password: cebb9200-af58-466b-97b4-63f671bb3bfa

2023-01-05 00:07:36.037 [restartedMain] [35m[traceId=][0;39m [34mINFO [0;39m
                        o.a.coyote.http11.Http11NioProtocol.log - Starting ProtocolHandler ["http-nio-8080"]
2023-01-05 00:07:36.039 [restartedMain] [35m[traceId=][0;39m [34mINFO [0;39m
                        o.s.b.w.e.tomcat.TomcatWebServer.start - Tomcat started on port(s): 8080 (http) with context path ''
2023-01-05 00:07:36.042 [restartedMain] [35m[traceId=][0;39m [34mINFO [0;39m
                        c.project.Project.ProjectApplication.logStarted - Started ProjectApplication in 3.507 seconds (JVM running for 273.669)
2023-01-05 00:07:36.121 [restartedMain] [35m[traceId=][0;39m [34mINFO [0;39m
                        o.s.b.d.a.ConditionEvaluationDeltaLoggingListener.onApplicationEvent - Condition evaluation unchanged
